INFO:httpx:HTTP Request: POST https://api.telegram.org/bot8675939015:AAFd_6u6FrPAoeRN3MqEB_0KpWuz76K-JWg/getMe "HTTP/1.1 200 OK"
INFO:httpx:HTTP Request: POST https://api.telegram.org/bot8675939015:AAFd_6u6FrPAoeRN3MqEB_0KpWuz76K-JWg/deleteWebhook "HTTP/1.1 200 OK"
INFO:telegram.ext.Application:Application started
INFO:httpx:HTTP Request: POST https://api.telegram.org/bot8675939015:AAFd_6u6FrPAoeRN3MqEB_0KpWuz76K-JWg/getUpdates "HTTP/1.1 200 OK"
INFO:httpx:HTTP Request: POST https://api.telegram.org/bot8675939015:AAFd_6u6FrPAoeRN3MqEB_0KpWuz76K-JWg/getUpdates "HTTP/1.1 200 OK"
INFO:httpx:HTTP Request: POST https://api.telegram.org/bot8675939015:AAFd_6u6FrPAoeRN3MqEB_0KpWuz76K-JWg/getUpdates "HTTP/1.1 200 OK"
INFO:httpx:HTTP Request: POST https://api.telegram.org/bot8675939015:AAFd_6u6FrPAoeRN3MqEB_0KpWuz76K-JWg/getUpdates "HTTP/1.1 200 OK"
INFO:httpx:HTTP Request: POST https://api.telegram.org/bot8675939015:AAFd_6u6FrPAoeRN3MqEB_0KpWuz76K-JWg/getUpdates "HTTP/1.1 200 OK"
INFO:httpx:HTTP Request: POST https://api.telegram.org/bot8675939015:AAFd_6u6FrPAoeRN3MqEB_0KpWuz76K-JWg/getUpdates "HTTP/1.1 200 OK"
INFO:httpx:HTTP Request: POST https://api.telegram.org/bot8675939015:AAFd_6u6FrPAoeRN3MqEB_0KpWuz76K-JWg/getUpdates "HTTP/1.1 200 OK"
INFO:httpx:HTTP Request: POST https://api.telegram.org/bot8675939015:AAFd_6u6FrPAoeRN3MqEB_0KpWuz76K-JWg/getUpdates "HTTP/1.1 200 OK"
INFO:httpx:HTTP Request: POST https://api.telegram.org/bot8675939015:AAFd_6u6FrPAoeRN3MqEB_0KpWuz76K-JWg/getUpdates "HTTP/1.1 200 OK"
INFO:httpx:HTTP Request: POST https://api.telegram.org/bot8675939015:AAFd_6u6FrPAoeRN3MqEB_0KpWuz76K-JWg/getUpdates "HTTP/1.1 200 OK"
INFO:httpx:HTTP Request: POST https://api.telegram.org/bot8675939015:AAFd_6u6FrPAoeRN3MqEB_0KpWuz76K-JWg/sendMessage "HTTP/1.1 200 OK"
INFO:httpx:HTTP Request: POST https://api.telegram.org/bot8675939015:AAFd_6u6FrPAoeRN3MqEB_0KpWuz76K-JWg/getUpdates "HTTP/1.1 200 OK"
INFO:httpx:HTTP Request: POST https://api.telegram.org/bot8675939015:AAFd_6u6FrPAoeRN3MqEB_0KpWuz76K-JWg/getUpdates "HTTP/1.1 200 OK"
INFO:httpx:HTTP Request: POST https://api.telegram.org/bot8675939015:AAFd_6u6FrPAoeRN3MqEB_0KpWuz76K-JWg/getUpdates "HTTP/1.1 200 OK"
INFO:httpx:HTTP Request: POST https://api.telegram.org/bot8675939015:AAFd_6u6FrPAoeRN3MqEB_0KpWuz76K-JWg/getUpdates "HTTP/1.1 200 OK"
INFO:httpx:HTTP Request: POST https://api.telegram.org/bot8675939015:AAFd_6u6FrPAoeRN3MqEB_0KpWuz76K-JWg/getUpdates "HTTP/1.1 200 OK"
INFO:httpx:HTTP Request: POST https://api.telegram.org/bot8675939015:AAFd_6u6FrPAoeRN3MqEB_0KpWuz76K-JWg/getUpdates "HTTP/1.1 200 OK"
INFO:httpx:HTTP Request: POST https://api.telegram.org/bot8675939015:AAFd_6u6FrPAoeRN3MqEB_0KpWuz76K-JWg/getUpdates "HTTP/1.1 200 OK"
INFO:httpx:HTTP Request: POST https://api.telegram.org/bot8675939015:AAFd_6u6FrPAoeRN3MqEB_0KpWuz76K-JWg/sendMessage "HTTP/1.1 200 OK"
INFO:httpx:HTTP Request: POST https://api.telegram.org/bot8675939015:AAFd_6u6FrPAoeRN3MqEB_0KpWuz76K-JWg/getUpdates "HTTP/1.1 200 OK"
INFO:httpx:HTTP Request: POST https://api.telegram.org/bot8675939015:AAFd_6u6FrPAoeRN3MqEB_0KpWuz76K-JWg/sendMessage "HTTP/1.1 200 OK"
INFO:httpx:HTTP Request: POST https://api.telegram.org/bot8675939015:AAFd_6u6FrPAoeRN3MqEB_0KpWuz76K-JWg/getUpdates "HTTP/1.1 200 OK"
INFO:httpx:HTTP Request: POST https://api.telegram.org/bot8675939015:AAFd_6u6FrPAoeRN3MqEB_0KpWuz76K-JWg/getUpdates "HTTP/1.1 200 OK"
INFO:httpx:HTTP Request: POST https://api.telegram.org/bot8675939015:AAFd_6u6FrPAoeRN3MqEB_0KpWuz76K-JWg/getUpdates "HTTP/1.1 200 OK"
INFO:httpx:HTTP Request: POST https://api.telegram.org/bot8675939015:AAFd_6u6FrPAoeRN3MqEB_0KpWuz76K-JWg/getUpdates "HTTP/1.1 200 OK"
INFO:httpx:HTTP Request: POST https://api.telegram.org/bot8675939015:AAFd_6u6FrPAoeRN3MqEB_0KpWuz76K-JWg/getUpdates "HTTP/1.1 200 OK"
INFO:httpx:HTTP Request: POST https://api.telegram.org/bot8675939015:AAFd_6u6FrPAoeRN3MqEB_0KpWuz76K-JWg/sendMessage "HTTP/1.1 200 OK"
INFO:httpx:HTTP Request: POST https://api.telegram.org/bot8675939015:AAFd_6u6FrPAoeRN3MqEB_0KpWuz76K-JWg/getFile "HTTP/1.1 200 OK"
INFO:httpx:HTTP Request: GET https://api.telegram.org/file/bot8675939015%3AAAFd_6u6FrPAoeRN3MqEB_0KpWuz76K-JWg/documents/file_0.fb2 "HTTP/1.1 200 OK"
INFO:httpx:HTTP Request: POST https://api.telegram.org/bot8675939015:AAFd_6u6FrPAoeRN3MqEB_0KpWuz76K-JWg/editMessageText "HTTP/1.1 400 Bad Request"
ERROR:__main__:Error downloading file: Button_data_invalid
INFO:httpx:HTTP Request: POST https://api.telegram.org/bot8675939015:AAFd_6u6FrPAoeRN3MqEB_0KpWuz76K-JWg/editMessageText "HTTP/1.1 200 OK"
INFO:httpx:HTTP Request: POST https://api.telegram.org/bot8675939015:AAFd_6u6FrPAoeRN3MqEB_0KpWuz76K-JWg/getUpdates "HTTP/1.1 200 OK"
INFO:httpx:HTTP Request: POST https://api.telegram.org/bot8675939015:AAFd_6u6FrPAoeRN3MqEB_0KpWuz76K-JWg/getUpdates "HTTP/1.1 200 OK"
INFO:httpx:HTTP Request: POST https://api.telegram.org/bot8675939015:AAFd_6u6FrPAoeRN3MqEB_0KpWuz76K-JWg/getUpdates "HTTP/1.1 200 OK"
INFO:httpx:HTTP Request: POST https://api.telegram.org/bot8675939015:AAFd_6u6FrPAoeRN3MqEB_0KpWuz76K-JWg/getUpdates "HTTP/1.1 200 OK"
INFO:httpx:HTTP Request: POST https://api.telegram.org/bot8675939015:AAFd_6u6FrPAoeRN3MqEB_0KpWuz76K-JWg/getUpdates "HTTP/1.1 200 OK"
INFO:httpx:HTTP Request: POST https://api.telegram.org/bot8675939015:AAFd_6u6FrPAoeRN3MqEB_0KpWuz76K-JWg/sendMessage "HTTP/1.1 200 OK"
INFO:httpx:HTTP Request: POST https://api.telegram.org/bot8675939015:AAFd_6u6FrPAoeRN3MqEB_0KpWuz76K-JWg/getFile "HTTP/1.1 200 OK"
INFO:httpx:HTTP Request: GET https://api.telegram.org/file/bot8675939015%3AAAFd_6u6FrPAoeRN3MqEB_0KpWuz76K-JWg/documents/file_1.pdf "HTTP/1.1 200 OK"
INFO:httpx:HTTP Request: POST https://api.telegram.org/bot8675939015:AAFd_6u6FrPAoeRN3MqEB_0KpWuz76K-JWg/editMessageText "HTTP/1.1 200 OK"
INFO:httpx:HTTP Request: POST https://api.telegram.org/bot8675939015:AAFd_6u6FrPAoeRN3MqEB_0KpWuz76K-JWg/getUpdates "HTTP/1.1 200 OK"
INFO:httpx:HTTP Request: POST https://api.telegram.org/bot8675939015:AAFd_6u6FrPAoeRN3MqEB_0KpWuz76K-JWg/getUpdates "HTTP/1.1 200 OK"
INFO:httpx:HTTP Request: POST https://api.telegram.org/bot8675939015:AAFd_6u6FrPAoeRN3MqEB_0KpWuz76K-JWg/getUpdates "HTTP/1.1 200 OK"
INFO:httpx:HTTP Request: POST https://api.telegram.org/bot8675939015:AAFd_6u6FrPAoeRN3MqEB_0KpWuz76K-JWg/sendMessage "HTTP/1.1 200 OK"
INFO:httpx:HTTP Request: POST https://api.telegram.org/bot8675939015:AAFd_6u6FrPAoeRN3MqEB_0KpWuz76K-JWg/getUpdates "HTTP/1.1 200 OK"
INFO:httpx:HTTP Request: POST https://api.telegram.org/bot8675939015:AAFd_6u6FrPAoeRN3MqEB_0KpWuz76K-JWg/getUpdates "HTTP/1.1 200 OK"
